<?xml version="1.0" encoding="UTF-8"?>
<testng-results skipped="0" failed="0" ignored="4" total="5" passed="1">
  <reporter-output>
  </reporter-output>
  <suite name="Default suite" duration-ms="2327" started-at="2022-01-01T11:53:41Z" finished-at="2022-01-01T11:53:43Z">
    <groups>
    </groups>
    <test name="Regression test" duration-ms="2327" started-at="2022-01-01T11:53:41Z" finished-at="2022-01-01T11:53:43Z">
      <class name="tests.selectGamesCategory">
        <test-method status="PASS" signature="startDriver(java.lang.String)[pri:0, instance:tests.selectGamesCategory@63021689]" name="startDriver" is-config="true" duration-ms="9438" started-at="2022-01-01T11:53:32Z" finished-at="2022-01-01T11:53:41Z">
          <params>
            <param index="0">
              <value>
                <![CDATA[chrome]]>
              </value>
            </param>
          </params>
          <reporter-output>
          </reporter-output>
        </test-method> <!-- startDriver -->
        <test-method status="PASS" signature="searchForGames()[pri:0, instance:tests.selectGamesCategory@63021689]" name="searchForGames" duration-ms="2289" started-at="2022-01-01T11:53:41Z" finished-at="2022-01-01T11:53:43Z">
          <reporter-output>
          </reporter-output>
        </test-method> <!-- searchForGames -->
        <test-method status="PASS" signature="stopDriver()[pri:0, instance:tests.selectGamesCategory@63021689]" name="stopDriver" is-config="true" duration-ms="1" started-at="2022-01-01T11:53:43Z" finished-at="2022-01-01T11:53:43Z">
          <reporter-output>
          </reporter-output>
        </test-method> <!-- stopDriver -->
      </class> <!-- tests.selectGamesCategory -->
    </test> <!-- Regression test -->
  </suite> <!-- Default suite -->
</testng-results>
