<?xml version="1.0" encoding="UTF-8"?>
<!-- Generated by org.testng.reporters.JUnitXMLReporter -->
<testsuite hostname="Abdelrahman" ignored="4" name="Regression test" tests="1" failures="0" timestamp="01 Jan 2022 11:53:43 GMT" time="2.327" errors="0">
  <testcase name="searchForGames" time="2.289" classname="tests.selectGamesCategory"/>
  <testcase name="@AfterSuite stopDriver" time="0.0" classname="tests.testBase">
    <ignored/>
  </testcase> <!-- @AfterSuite stopDriver -->
  <testcase name="@AfterSuite stopDriver" time="0.0" classname="tests.testBase">
    <ignored/>
  </testcase> <!-- @AfterSuite stopDriver -->
  <testcase name="@BeforeSuite startDriver" time="0.0" classname="tests.testBase">
    <ignored/>
  </testcase> <!-- @BeforeSuite startDriver -->
  <testcase name="@BeforeSuite startDriver" time="0.0" classname="tests.testBase">
    <ignored/>
  </testcase> <!-- @BeforeSuite startDriver -->
</testsuite> <!-- Regression test -->
